Arguments: 
  C:\Program Files\nodejs\node.exe C:\Users\Gun$moke\AppData\Roaming\npm\node_modules\yarn\bin\yarn.js audit

PATH: 
  C:\Python310\Scripts\;C:\Python310\;C:\Program Files\AdoptOpenJDK\jdk-11.0.11.9-hotspot\bin;C:\Program Files\dotnet\;C:\Program Files\Microsoft SQL Server\Client SDK\ODBC\170\Tools\Binn\;C:\Program Files (x86)\Microsoft SQL Server\150\Tools\Binn\;C:\Program Files\Microsoft SQL Server\150\Tools\Binn\;C:\Program Files\Microsoft SQL Server\150\DTS\Binn\;C:\Program Files (x86)\dotnet\;C:\Program Files\Python39\Scripts;C:\Program Files\nodejs\;C:\ProgramData\chocolatey\bin;C:\Program Files\Git\cmd;C:\Program Files\Git\mingw64\bin;C:\Program Files\Git\usr\bin;C:\Program Files\AdoptOpenJDK\jdk-11.0.11.9-hotspot\bin;C:\Program Files\Microsoft SQL Server\130\Tools\Binn\;C:\Program Files\dotnet\;C:\Windows\System32;C:\Python39\Scripts;C:\MinGW\bin;C:\Program Files\Python39;C:\Program Files\JetBrains\PyCharm 2021.1.1\bin;C:\Users\Gun$moke\.dotnet\tools;C:\Program Files\Python39\Scripts;C:\Users\Gun$moke\AppData\Local\Programs\Microsoft VS Code\bin;C:\Users\Gun$moke\.dotnet\tools;C:\Program Files\Azure Data Studio\bin;C:\Program Files\Python39\Scripts;C:\Program Files\php-8.0.12;C:\Program Files\JetBrains\IntelliJ IDEA 2021.2.3\bin;;C:\Users\Gun$moke\AppData\Roaming\npm;C:\Program Files\nodejs;C:\Users\Gun$moke\AppData\Local\GitHubDesktop\bin;C:\Python310;C:\Program Files\JetBrains\PyCharm 2022.1.3\bin;;C:\Program Files\heroku\bin

Yarn version: 
  1.22.19

Node version: 
  16.13.1

Platform: 
  win32 x64

Trace: 
  SyntaxError: C:\Users\Gun$moke\Desktop\Any One\ADV\reactJs\redux-store-v1\package.json: Unexpected token : in JSON at position 1711
      at JSON.parse (<anonymous>)
      at C:\Users\Gun$moke\AppData\Roaming\npm\node_modules\yarn\lib\cli.js:1629:59
      at Generator.next (<anonymous>)
      at step (C:\Users\Gun$moke\AppData\Roaming\npm\node_modules\yarn\lib\cli.js:310:30)
      at C:\Users\Gun$moke\AppData\Roaming\npm\node_modules\yarn\lib\cli.js:321:13

npm manifest: 
  {
    "name": "redux-store-v1",
    "version": "0.1.0",
    "private": true,
    "homepage": "https://imyass59.github.io/react-redux-v1",
    "dependencies": {
      "@headlessui/react": "^1.6.6",
      "@heroicons/react": "^1.0.6",
      "@paypal/react-paypal-js": "^7.8.1",
      "@tailwindcss/line-clamp": "^0.4.0",
      "@testing-library/jest-dom": "^5.16.4",
      "@testing-library/react": "^13.3.0",
      "@testing-library/user-event": "^13.5.0",
      "axios": "^0.27.2",
      "bcrypt": "^5.0.1",
      "bcryptjs": "^2.4.3",
      "body-parser": "^1.20.0",
      "cookie-parser": "^1.4.6",
      "cors": "^2.8.5",
      "dotenv": "^16.0.2",
      "express": "^4.18.1",
      "js-cookie": "^3.0.1",
      "jsonwebtoken": "^8.5.1",
      "logger": "^0.0.1",
      "mysql": "^2.18.1",
      "nodemon": "^2.0.20",
      "react": "^18.2.0",
      "react-dom": "^18.2.0",
      "react-paypal-js": "^0.0.1-security",
      "react-redux": "^8.0.2",
      "react-router-dom": "^6.3.0",
      "react-scripts": "5.0.1",
      "redux": "^4.2.0",
      "redux-devtools-extension": "^2.13.9",
      "redux-logger": "^3.0.6",
      "redux-thunk": "^2.4.1",
      "tailwind-scrollbar": "^1.3.1",
      "web-vitals": "^2.1.4"
    },
    "scripts": {
      "start-server": "nodemon server/api.js",
      "start": "react-scripts start",
      "build": "react-scripts build",
      "test": "react-scripts test",
      "eject": "react-scripts eject"
    },
    "eslintConfig": {
      "extends": [
        "react-app",
        "react-app/jest"
      ]
    },
    "browserslist":{
      "production": [
        ">0.2%",
        "not dead",
        "not op_mini all"
      ],
      "development": [
        "last 1 chrome version",
        "last 1 firefox version",
        "last 1 safari version"
      ]
    },
    "devDependencies": 
      "gh-pages": "^4.0.0",
      "tailwindcss": "^3.1.7"
    }
  }

yarn manifest: 
  No manifest

Lockfile: 
  No lockfile
